06:25:50 com_github_zykrah_kicad-kle-placer.kle_placer_action 497: Plugin executed with python version: '3.11.5 (main, May 10 2024, 05:24:12) [MSC v.1939 64 bit (AMD64)]'
06:26:01 com_github_zykrah_kicad-kle-placer.kle_placer_action 512: User layout: Keyboard(meta=KeyboardMetadata(backcolor='#eeeeee', name='Bandung v1.0.0', author='Daigoji', notes='', background=None, radii='', switchMount='cherry', switchBrand='', switchType='', plate=True, pcb=True), keys=[Key(color='#cccccc', labels=['M1', '', '', '', '', '', '', '', '', '', '', ''], text_color=[None, None, None, None, None, None, None, None, None, None, None, None], text_size=[None, None, None, None, None, None, None, None, None, None, None, None], default=KeyDefault(text_color='#000000', text_size=3), x=0.0, y=0.0, width=1.0, height=1.0, x2=0.0, y2=0.0, width2=1.0, height2=1.0, rotation_x=0.0, rotation_y=0.0, rotation_angle=0.0, decal=False, ghost=False, stepped=False, nub=False, profile='', sm='', sb='', st=''), Key(color='#cccccc', labels=['M2', '', '', '', '', '', '', '', '', '', '', ''], text_color=[None, None, None, None, None, None, None, None, None, None, None, None], text_size=[None, None, None, None, None, None, None, None, None, None, None, None], default=KeyDefault(text_color='#000000', text_size=3), x=1.0, y=0.0, width=1, height=1, x2=0, y2=0, width2=1, height2=1, rotation_x=0.0, rotation_y=0.0, rotation_angle=0.0, decal=False, ghost=False, stepped=False, nub=False, profile='', sm='', sb='', st=''), Key(color='#cccccc', labels=['M3', '', '', '', '', '', '', '', '', '', '', ''], text_color=[None, None, None, None, None, None, None, None, None, None, None, None], text_size=[None, None, None, None, None, None, None, None, None, None, None, None], default=KeyDefault(text_color='#000000', text_size=3), x=2.0, y=0.0, width=1, height=1, x2=0, y2=0, width2=1, height2=1, rotation_x=0.0, rotation_y=0.0, rotation_angle=0.0, decal=False, ghost=False, stepped=False, nub=False, profile='', sm='', sb='', st=''), Key(color='#cccccc', labels=['M4', '', '', '', '', '', '', '', '', '', '', ''], text_color=[None, None, None, None, None, None, None, None, None, None, None, None], text_size=[None, None, None, None, None, None, None, None, None, None, None, None], default=KeyDefault(text_color='#000000', text_size=3), x=3.0, y=0.0, width=1, height=1, x2=0, y2=0, width2=1, height2=1, rotation_x=0.0, rotation_y=0.0, rotation_angle=0.0, decal=False, ghost=False, stepped=False, nub=False, profile='', sm='', sb='', st=''), Key(color='#cccccc', labels=['7', '', '', '', '', '', '', '', '', '', '', ''], text_color=[None, None, None, None, None, None, None, None, None, None, None, None], text_size=[None, None, None, None, None, None, None, None, None, None, None, None], default=KeyDefault(text_color='#000000', text_size=3), x=0.0, y=1.25, width=1, height=1, x2=0, y2=0, width2=1, height2=1, rotation_x=0.0, rotation_y=0.0, rotation_angle=0.0, decal=False, ghost=False, stepped=False, nub=False, profile='', sm='', sb='', st=''), Key(color='#cccccc', labels=['8', '', '', '', '', '', '', '', '', '', '', ''], text_color=[None, None, None, None, None, None, None, None, None, None, None, None], text_size=[None, None, None, None, None, None, None, None, None, None, None, None], default=KeyDefault(text_color='#000000', text_size=3), x=1.0, y=1.25, width=1, height=1, x2=0, y2=0, width2=1, height2=1, rotation_x=0.0, rotation_y=0.0, rotation_angle=0.0, decal=False, ghost=False, stepped=False, nub=False, profile='', sm='', sb='', st=''), Key(color='#cccccc', labels=['9', '', '', '', '', '', '', '', '', '', '', ''], text_color=[None, None, None, None, None, None, None, None, None, None, None, None], text_size=[None, None, None, None, None, None, None, None, None, None, None, None], default=KeyDefault(text_color='#000000', text_size=3), x=2.0, y=1.25, width=1, height=1, x2=0, y2=0, width2=1, height2=1, rotation_x=0.0, rotation_y=0.0, rotation_angle=0.0, decal=False, ghost=False, stepped=False, nub=False, profile='', sm='', sb='', st=''), Key(color='#cccccc', labels=['/', '', '', '', '', '', '', '', '', '', '', ''], text_color=[None, None, None, None, None, None, None, None, None, None, None, None], text_size=[None, None, None, None, None, None, None, None, None, None, None, None], default=KeyDefault(text_color='#000000', text_size=3), x=3.0, y=1.25, width=1, height=1, x2=0, y2=0, width2=1, height2=1, rotation_x=0.0, rotation_y=0.0, rotation_angle=0.0, decal=False, ghost=False, stepped=False, nub=False, profile='', sm='', sb='', st=''), Key(color='#cccccc', labels=['M5', '', '', '', '', '', '', '', '', '', '', ''], text_color=[None, None, None, None, None, None, None, None, None, None, None, None], text_size=[None, None, None, None, None, None, None, None, None, None, None, None], default=KeyDefault(text_color='#000000', text_size=3), x=4.25, y=1.25, width=1, height=1, x2=0, y2=0, width2=1, height2=1, rotation_x=0.0, rotation_y=0.0, rotation_angle=0.0, decal=False, ghost=False, stepped=False, nub=False, profile='', sm='', sb='', st=''), Key(color='#cccccc', labels=['4', '', '', '', '', '', '', '', '', '', '', ''], text_color=[None, None, None, None, None, None, None, None, None, None, None, None], text_size=[None, None, None, None, None, None, None, None, None, None, None, None], default=KeyDefault(text_color='#000000', text_size=3), x=0.0, y=2.25, width=1, height=1, x2=0, y2=0, width2=1, height2=1, rotation_x=0.0, rotation_y=0.0, rotation_angle=0.0, decal=False, ghost=False, stepped=False, nub=False, profile='', sm='', sb='', st=''), Key(color='#cccccc', labels=['5', '', '', '', '', '', '', '', '', '', '', ''], text_color=[None, None, None, None, None, None, None, None, None, None, None, None], text_size=[None, None, None, None, None, None, None, None, None, None, None, None], default=KeyDefault(text_color='#000000', text_size=3), x=1.0, y=2.25, width=1, height=1, x2=0, y2=0, width2=1, height2=1, rotation_x=0.0, rotation_y=0.0, rotation_angle=0.0, decal=False, ghost=False, stepped=False, nub=False, profile='', sm='', sb='', st=''), Key(color='#cccccc', labels=['6', '', '', '', '', '', '', '', '', '', '', ''], text_color=[None, None, None, None, None, None, None, None, None, None, None, None], text_size=[None, None, None, None, None, None, None, None, None, None, None, None], default=KeyDefault(text_color='#000000', text_size=3), x=2.0, y=2.25, width=1, height=1, x2=0, y2=0, width2=1, height2=1, rotation_x=0.0, rotation_y=0.0, rotation_angle=0.0, decal=False, ghost=False, stepped=False, nub=False, profile='', sm='', sb='', st=''), Key(color='#cccccc', labels=['*', '', '', '', '', '', '', '', '', '', '', ''], text_color=[None, None, None, None, None, None, None, None, None, None, None, None], text_size=[None, None, None, None, None, None, None, None, None, None, None, None], default=KeyDefault(text_color='#000000', text_size=3), x=3.0, y=2.25, width=1, height=1, x2=0, y2=0, width2=1, height2=1, rotation_x=0.0, rotation_y=0.0, rotation_angle=0.0, decal=False, ghost=False, stepped=False, nub=False, profile='', sm='', sb='', st=''), Key(color='#cccccc', labels=['M6', '', '', '', '', '', '', '', '', '', '', ''], text_color=[None, None, None, None, None, None, None, None, None, None, None, None], text_size=[None, None, None, None, None, None, None, None, None, None, None, None], default=KeyDefault(text_color='#000000', text_size=3), x=4.25, y=2.25, width=1, height=1, x2=0, y2=0, width2=1, height2=1, rotation_x=0.0, rotation_y=0.0, rotation_angle=0.0, decal=False, ghost=False, stepped=False, nub=False, profile='', sm='', sb='', st=''), Key(color='#cccccc', labels=['1', '', '', '', '', '', '', '', '', '', '', ''], text_color=[None, None, None, None, None, None, None, None, None, None, None, None], text_size=[None, None, None, None, None, None, None, None, None, None, None, None], default=KeyDefault(text_color='#000000', text_size=3), x=0.0, y=3.25, width=1, height=1, x2=0, y2=0, width2=1, height2=1, rotation_x=0.0, rotation_y=0.0, rotation_angle=0.0, decal=False, ghost=False, stepped=False, nub=False, profile='', sm='', sb='', st=''), Key(color='#cccccc', labels=['2', '', '', '', '', '', '', '', '', '', '', ''], text_color=[None, None, None, None, None, None, None, None, None, None, None, None], text_size=[None, None, None, None, None, None, None, None, None, None, None, None], default=KeyDefault(text_color='#000000', text_size=3), x=1.0, y=3.25, width=1, height=1, x2=0, y2=0, width2=1, height2=1, rotation_x=0.0, rotation_y=0.0, rotation_angle=0.0, decal=False, ghost=False, stepped=False, nub=False, profile='', sm='', sb='', st=''), Key(color='#cccccc', labels=['3', '', '', '', '', '', '', '', '', '', '', ''], text_color=[None, None, None, None, None, None, None, None, None, None, None, None], text_size=[None, None, None, None, None, None, None, None, None, None, None, None], default=KeyDefault(text_color='#000000', text_size=3), x=2.0, y=3.25, width=1, height=1, x2=0, y2=0, width2=1, height2=1, rotation_x=0.0, rotation_y=0.0, rotation_angle=0.0, decal=False, ghost=False, stepped=False, nub=False, profile='', sm='', sb='', st=''), Key(color='#cccccc', labels=['-', '', '', '', '', '', '', '', '', '', '', ''], text_color=[None, None, None, None, None, None, None, None, None, None, None, None], text_size=[None, None, None, None, None, None, None, None, None, None, None, None], default=KeyDefault(text_color='#000000', text_size=3), x=3.0, y=3.25, width=1, height=1, x2=0, y2=0, width2=1, height2=1, rotation_x=0.0, rotation_y=0.0, rotation_angle=0.0, decal=False, ghost=False, stepped=False, nub=False, profile='', sm='', sb='', st=''), Key(color='#cccccc', labels=['M7', '', '', '', '', '', '', '', '', '', '', ''], text_color=[None, None, None, None, None, None, None, None, None, None, None, None], text_size=[None, None, None, None, None, None, None, None, None, None, None, None], default=KeyDefault(text_color='#000000', text_size=3), x=4.25, y=3.25, width=1, height=1, x2=0, y2=0, width2=1, height2=1, rotation_x=0.0, rotation_y=0.0, rotation_angle=0.0, decal=False, ghost=False, stepped=False, nub=False, profile='', sm='', sb='', st=''), Key(color='#cccccc', labels=['.', '', '', '', '', '', '', '', '', '', '', ''], text_color=[None, None, None, None, None, None, None, None, None, None, None, None], text_size=[None, None, None, None, None, None, None, None, None, None, None, None], default=KeyDefault(text_color='#000000', text_size=3), x=0.0, y=4.25, width=1, height=1, x2=0, y2=0, width2=1, height2=1, rotation_x=0.0, rotation_y=0.0, rotation_angle=0.0, decal=False, ghost=False, stepped=False, nub=False, profile='', sm='', sb='', st=''), Key(color='#cccccc', labels=['0', '', '', '', '', '', '', '', '', '', '', ''], text_color=[None, None, None, None, None, None, None, None, None, None, None, None], text_size=[None, None, None, None, None, None, None, None, None, None, None, None], default=KeyDefault(text_color='#000000', text_size=3), x=1.0, y=4.25, width=1, height=1, x2=0, y2=0, width2=1, height2=1, rotation_x=0.0, rotation_y=0.0, rotation_angle=0.0, decal=False, ghost=False, stepped=False, nub=False, profile='', sm='', sb='', st=''), Key(color='#cccccc', labels=['+', '', '', '', '', '', '', '', '', '', '', ''], text_color=[None, None, None, None, None, None, None, None, None, None, None, None], text_size=[None, None, None, None, None, None, None, None, None, None, None, None], default=KeyDefault(text_color='#000000', text_size=3), x=2.0, y=4.25, width=1, height=1, x2=0, y2=0, width2=1, height2=1, rotation_x=0.0, rotation_y=0.0, rotation_angle=0.0, decal=False, ghost=False, stepped=False, nub=False, profile='', sm='', sb='', st=''), Key(color='#cccccc', labels=['Enter', '', '', '', '', '', '', '', '', '', '', ''], text_color=[None, None, None, None, None, None, None, None, None, None, None, None], text_size=[None, None, None, None, None, None, None, None, None, None, None, None], default=KeyDefault(text_color='#000000', text_size=3), x=3.0, y=4.25, width=1, height=1, x2=0, y2=0, width2=1, height2=1, rotation_x=0.0, rotation_y=0.0, rotation_angle=0.0, decal=False, ghost=False, stepped=False, nub=False, profile='', sm='', sb='', st=''), Key(color='#cccccc', labels=['M8', '', '', '', '', '', '', '', '', '', '', ''], text_color=[None, None, None, None, None, None, None, None, None, None, None, None], text_size=[None, None, None, None, None, None, None, None, None, None, None, None], default=KeyDefault(text_color='#000000', text_size=3), x=4.25, y=4.25, width=1, height=1, x2=0, y2=0, width2=1, height2=1, rotation_x=0.0, rotation_y=0.0, rotation_angle=0.0, decal=False, ghost=False, stepped=False, nub=False, profile='', sm='', sb='', st='')])
06:26:01 com_github_zykrah_kicad-kle-placer.kle_placer_action 181: [Key(color='#cccccc', labels=['M1', '', '', '', '', '', '', '', '', '', '', ''], text_color=[None, None, None, None, None, None, None, None, None, None, None, None], text_size=[None, None, None, None, None, None, None, None, None, None, None, None], default=KeyDefault(text_color='#000000', text_size=3), x=0.0, y=0.0, width=1.0, height=1.0, x2=0.0, y2=0.0, width2=1.0, height2=1.0, rotation_x=0.0, rotation_y=0.0, rotation_angle=0.0, decal=False, ghost=False, stepped=False, nub=False, profile='', sm='', sb='', st=''), Key(color='#cccccc', labels=['M2', '', '', '', '', '', '', '', '', '', '', ''], text_color=[None, None, None, None, None, None, None, None, None, None, None, None], text_size=[None, None, None, None, None, None, None, None, None, None, None, None], default=KeyDefault(text_color='#000000', text_size=3), x=1.0, y=0.0, width=1, height=1, x2=0, y2=0, width2=1, height2=1, rotation_x=0.0, rotation_y=0.0, rotation_angle=0.0, decal=False, ghost=False, stepped=False, nub=False, profile='', sm='', sb='', st=''), Key(color='#cccccc', labels=['M3', '', '', '', '', '', '', '', '', '', '', ''], text_color=[None, None, None, None, None, None, None, None, None, None, None, None], text_size=[None, None, None, None, None, None, None, None, None, None, None, None], default=KeyDefault(text_color='#000000', text_size=3), x=2.0, y=0.0, width=1, height=1, x2=0, y2=0, width2=1, height2=1, rotation_x=0.0, rotation_y=0.0, rotation_angle=0.0, decal=False, ghost=False, stepped=False, nub=False, profile='', sm='', sb='', st=''), Key(color='#cccccc', labels=['M4', '', '', '', '', '', '', '', '', '', '', ''], text_color=[None, None, None, None, None, None, None, None, None, None, None, None], text_size=[None, None, None, None, None, None, None, None, None, None, None, None], default=KeyDefault(text_color='#000000', text_size=3), x=3.0, y=0.0, width=1, height=1, x2=0, y2=0, width2=1, height2=1, rotation_x=0.0, rotation_y=0.0, rotation_angle=0.0, decal=False, ghost=False, stepped=False, nub=False, profile='', sm='', sb='', st=''), Key(color='#cccccc', labels=['7', '', '', '', '', '', '', '', '', '', '', ''], text_color=[None, None, None, None, None, None, None, None, None, None, None, None], text_size=[None, None, None, None, None, None, None, None, None, None, None, None], default=KeyDefault(text_color='#000000', text_size=3), x=0.0, y=1.25, width=1, height=1, x2=0, y2=0, width2=1, height2=1, rotation_x=0.0, rotation_y=0.0, rotation_angle=0.0, decal=False, ghost=False, stepped=False, nub=False, profile='', sm='', sb='', st=''), Key(color='#cccccc', labels=['8', '', '', '', '', '', '', '', '', '', '', ''], text_color=[None, None, None, None, None, None, None, None, None, None, None, None], text_size=[None, None, None, None, None, None, None, None, None, None, None, None], default=KeyDefault(text_color='#000000', text_size=3), x=1.0, y=1.25, width=1, height=1, x2=0, y2=0, width2=1, height2=1, rotation_x=0.0, rotation_y=0.0, rotation_angle=0.0, decal=False, ghost=False, stepped=False, nub=False, profile='', sm='', sb='', st=''), Key(color='#cccccc', labels=['9', '', '', '', '', '', '', '', '', '', '', ''], text_color=[None, None, None, None, None, None, None, None, None, None, None, None], text_size=[None, None, None, None, None, None, None, None, None, None, None, None], default=KeyDefault(text_color='#000000', text_size=3), x=2.0, y=1.25, width=1, height=1, x2=0, y2=0, width2=1, height2=1, rotation_x=0.0, rotation_y=0.0, rotation_angle=0.0, decal=False, ghost=False, stepped=False, nub=False, profile='', sm='', sb='', st=''), Key(color='#cccccc', labels=['/', '', '', '', '', '', '', '', '', '', '', ''], text_color=[None, None, None, None, None, None, None, None, None, None, None, None], text_size=[None, None, None, None, None, None, None, None, None, None, None, None], default=KeyDefault(text_color='#000000', text_size=3), x=3.0, y=1.25, width=1, height=1, x2=0, y2=0, width2=1, height2=1, rotation_x=0.0, rotation_y=0.0, rotation_angle=0.0, decal=False, ghost=False, stepped=False, nub=False, profile='', sm='', sb='', st=''), Key(color='#cccccc', labels=['M5', '', '', '', '', '', '', '', '', '', '', ''], text_color=[None, None, None, None, None, None, None, None, None, None, None, None], text_size=[None, None, None, None, None, None, None, None, None, None, None, None], default=KeyDefault(text_color='#000000', text_size=3), x=4.25, y=1.25, width=1, height=1, x2=0, y2=0, width2=1, height2=1, rotation_x=0.0, rotation_y=0.0, rotation_angle=0.0, decal=False, ghost=False, stepped=False, nub=False, profile='', sm='', sb='', st=''), Key(color='#cccccc', labels=['4', '', '', '', '', '', '', '', '', '', '', ''], text_color=[None, None, None, None, None, None, None, None, None, None, None, None], text_size=[None, None, None, None, None, None, None, None, None, None, None, None], default=KeyDefault(text_color='#000000', text_size=3), x=0.0, y=2.25, width=1, height=1, x2=0, y2=0, width2=1, height2=1, rotation_x=0.0, rotation_y=0.0, rotation_angle=0.0, decal=False, ghost=False, stepped=False, nub=False, profile='', sm='', sb='', st=''), Key(color='#cccccc', labels=['5', '', '', '', '', '', '', '', '', '', '', ''], text_color=[None, None, None, None, None, None, None, None, None, None, None, None], text_size=[None, None, None, None, None, None, None, None, None, None, None, None], default=KeyDefault(text_color='#000000', text_size=3), x=1.0, y=2.25, width=1, height=1, x2=0, y2=0, width2=1, height2=1, rotation_x=0.0, rotation_y=0.0, rotation_angle=0.0, decal=False, ghost=False, stepped=False, nub=False, profile='', sm='', sb='', st=''), Key(color='#cccccc', labels=['6', '', '', '', '', '', '', '', '', '', '', ''], text_color=[None, None, None, None, None, None, None, None, None, None, None, None], text_size=[None, None, None, None, None, None, None, None, None, None, None, None], default=KeyDefault(text_color='#000000', text_size=3), x=2.0, y=2.25, width=1, height=1, x2=0, y2=0, width2=1, height2=1, rotation_x=0.0, rotation_y=0.0, rotation_angle=0.0, decal=False, ghost=False, stepped=False, nub=False, profile='', sm='', sb='', st=''), Key(color='#cccccc', labels=['*', '', '', '', '', '', '', '', '', '', '', ''], text_color=[None, None, None, None, None, None, None, None, None, None, None, None], text_size=[None, None, None, None, None, None, None, None, None, None, None, None], default=KeyDefault(text_color='#000000', text_size=3), x=3.0, y=2.25, width=1, height=1, x2=0, y2=0, width2=1, height2=1, rotation_x=0.0, rotation_y=0.0, rotation_angle=0.0, decal=False, ghost=False, stepped=False, nub=False, profile='', sm='', sb='', st=''), Key(color='#cccccc', labels=['M6', '', '', '', '', '', '', '', '', '', '', ''], text_color=[None, None, None, None, None, None, None, None, None, None, None, None], text_size=[None, None, None, None, None, None, None, None, None, None, None, None], default=KeyDefault(text_color='#000000', text_size=3), x=4.25, y=2.25, width=1, height=1, x2=0, y2=0, width2=1, height2=1, rotation_x=0.0, rotation_y=0.0, rotation_angle=0.0, decal=False, ghost=False, stepped=False, nub=False, profile='', sm='', sb='', st=''), Key(color='#cccccc', labels=['1', '', '', '', '', '', '', '', '', '', '', ''], text_color=[None, None, None, None, None, None, None, None, None, None, None, None], text_size=[None, None, None, None, None, None, None, None, None, None, None, None], default=KeyDefault(text_color='#000000', text_size=3), x=0.0, y=3.25, width=1, height=1, x2=0, y2=0, width2=1, height2=1, rotation_x=0.0, rotation_y=0.0, rotation_angle=0.0, decal=False, ghost=False, stepped=False, nub=False, profile='', sm='', sb='', st=''), Key(color='#cccccc', labels=['2', '', '', '', '', '', '', '', '', '', '', ''], text_color=[None, None, None, None, None, None, None, None, None, None, None, None], text_size=[None, None, None, None, None, None, None, None, None, None, None, None], default=KeyDefault(text_color='#000000', text_size=3), x=1.0, y=3.25, width=1, height=1, x2=0, y2=0, width2=1, height2=1, rotation_x=0.0, rotation_y=0.0, rotation_angle=0.0, decal=False, ghost=False, stepped=False, nub=False, profile='', sm='', sb='', st=''), Key(color='#cccccc', labels=['3', '', '', '', '', '', '', '', '', '', '', ''], text_color=[None, None, None, None, None, None, None, None, None, None, None, None], text_size=[None, None, None, None, None, None, None, None, None, None, None, None], default=KeyDefault(text_color='#000000', text_size=3), x=2.0, y=3.25, width=1, height=1, x2=0, y2=0, width2=1, height2=1, rotation_x=0.0, rotation_y=0.0, rotation_angle=0.0, decal=False, ghost=False, stepped=False, nub=False, profile='', sm='', sb='', st=''), Key(color='#cccccc', labels=['-', '', '', '', '', '', '', '', '', '', '', ''], text_color=[None, None, None, None, None, None, None, None, None, None, None, None], text_size=[None, None, None, None, None, None, None, None, None, None, None, None], default=KeyDefault(text_color='#000000', text_size=3), x=3.0, y=3.25, width=1, height=1, x2=0, y2=0, width2=1, height2=1, rotation_x=0.0, rotation_y=0.0, rotation_angle=0.0, decal=False, ghost=False, stepped=False, nub=False, profile='', sm='', sb='', st=''), Key(color='#cccccc', labels=['M7', '', '', '', '', '', '', '', '', '', '', ''], text_color=[None, None, None, None, None, None, None, None, None, None, None, None], text_size=[None, None, None, None, None, None, None, None, None, None, None, None], default=KeyDefault(text_color='#000000', text_size=3), x=4.25, y=3.25, width=1, height=1, x2=0, y2=0, width2=1, height2=1, rotation_x=0.0, rotation_y=0.0, rotation_angle=0.0, decal=False, ghost=False, stepped=False, nub=False, profile='', sm='', sb='', st=''), Key(color='#cccccc', labels=['.', '', '', '', '', '', '', '', '', '', '', ''], text_color=[None, None, None, None, None, None, None, None, None, None, None, None], text_size=[None, None, None, None, None, None, None, None, None, None, None, None], default=KeyDefault(text_color='#000000', text_size=3), x=0.0, y=4.25, width=1, height=1, x2=0, y2=0, width2=1, height2=1, rotation_x=0.0, rotation_y=0.0, rotation_angle=0.0, decal=False, ghost=False, stepped=False, nub=False, profile='', sm='', sb='', st=''), Key(color='#cccccc', labels=['0', '', '', '', '', '', '', '', '', '', '', ''], text_color=[None, None, None, None, None, None, None, None, None, None, None, None], text_size=[None, None, None, None, None, None, None, None, None, None, None, None], default=KeyDefault(text_color='#000000', text_size=3), x=1.0, y=4.25, width=1, height=1, x2=0, y2=0, width2=1, height2=1, rotation_x=0.0, rotation_y=0.0, rotation_angle=0.0, decal=False, ghost=False, stepped=False, nub=False, profile='', sm='', sb='', st=''), Key(color='#cccccc', labels=['+', '', '', '', '', '', '', '', '', '', '', ''], text_color=[None, None, None, None, None, None, None, None, None, None, None, None], text_size=[None, None, None, None, None, None, None, None, None, None, None, None], default=KeyDefault(text_color='#000000', text_size=3), x=2.0, y=4.25, width=1, height=1, x2=0, y2=0, width2=1, height2=1, rotation_x=0.0, rotation_y=0.0, rotation_angle=0.0, decal=False, ghost=False, stepped=False, nub=False, profile='', sm='', sb='', st=''), Key(color='#cccccc', labels=['Enter', '', '', '', '', '', '', '', '', '', '', ''], text_color=[None, None, None, None, None, None, None, None, None, None, None, None], text_size=[None, None, None, None, None, None, None, None, None, None, None, None], default=KeyDefault(text_color='#000000', text_size=3), x=3.0, y=4.25, width=1, height=1, x2=0, y2=0, width2=1, height2=1, rotation_x=0.0, rotation_y=0.0, rotation_angle=0.0, decal=False, ghost=False, stepped=False, nub=False, profile='', sm='', sb='', st=''), Key(color='#cccccc', labels=['M8', '', '', '', '', '', '', '', '', '', '', ''], text_color=[None, None, None, None, None, None, None, None, None, None, None, None], text_size=[None, None, None, None, None, None, None, None, None, None, None, None], default=KeyDefault(text_color='#000000', text_size=3), x=4.25, y=4.25, width=1, height=1, x2=0, y2=0, width2=1, height2=1, rotation_x=0.0, rotation_y=0.0, rotation_angle=0.0, decal=False, ghost=False, stepped=False, nub=False, profile='', sm='', sb='', st='')]
06:26:01 com_github_zykrah_kicad-kle-placer.kle_placer_action 134: Searching for MX1 footprint
06:26:01 com_github_zykrah_kicad-kle-placer.kle_placer_action 348: first_key_pos (45395000, 25475000)
06:26:01 com_github_zykrah_kicad-kle-placer.kle_placer_action 361: default_key_rotation 180.0
06:26:01 com_github_zykrah_kicad-kle-placer.kle_placer_action 134: Searching for D1 footprint
06:26:01 com_github_zykrah_kicad-kle-placer.kle_placer_action 134: Searching for D1 footprint
06:26:01 com_github_zykrah_kicad-kle-placer.kle_placer_action 134: Searching for MX1 footprint
06:26:01 com_github_zykrah_kicad-kle-placer.kle_placer_action 134: Searching for S1 footprint
06:26:01 com_github_zykrah_kicad-kle-placer.kle_placer_action 142: Setting MX1 footprint position: (54920000, 35000000)
06:26:01 com_github_zykrah_kicad-kle-placer.kle_placer_action 142: Setting D1 footprint position: (62445000, 36000000)
06:26:01 com_github_zykrah_kicad-kle-placer.kle_placer_action 150: Rotating D1 footprint: rotationReference: (54920000, 35000000), rotationAngle: 0
06:26:01 com_github_zykrah_kicad-kle-placer.kle_placer_action 134: Searching for D2 footprint
06:26:01 com_github_zykrah_kicad-kle-placer.kle_placer_action 134: Searching for MX2 footprint
06:26:01 com_github_zykrah_kicad-kle-placer.kle_placer_action 134: Searching for S2 footprint
06:26:01 com_github_zykrah_kicad-kle-placer.kle_placer_action 142: Setting MX2 footprint position: (73970000, 35000000)
06:26:01 com_github_zykrah_kicad-kle-placer.kle_placer_action 142: Setting D2 footprint position: (81495000, 36000000)
06:26:01 com_github_zykrah_kicad-kle-placer.kle_placer_action 150: Rotating D2 footprint: rotationReference: (73970000, 35000000), rotationAngle: 0
06:26:01 com_github_zykrah_kicad-kle-placer.kle_placer_action 134: Searching for D3 footprint
06:26:01 com_github_zykrah_kicad-kle-placer.kle_placer_action 134: Searching for MX3 footprint
06:26:01 com_github_zykrah_kicad-kle-placer.kle_placer_action 134: Searching for S3 footprint
06:26:01 com_github_zykrah_kicad-kle-placer.kle_placer_action 142: Setting MX3 footprint position: (93020000, 35000000)
06:26:01 com_github_zykrah_kicad-kle-placer.kle_placer_action 142: Setting D3 footprint position: (100545000, 36000000)
06:26:01 com_github_zykrah_kicad-kle-placer.kle_placer_action 150: Rotating D3 footprint: rotationReference: (93020000, 35000000), rotationAngle: 0
06:26:01 com_github_zykrah_kicad-kle-placer.kle_placer_action 134: Searching for D4 footprint
06:26:01 com_github_zykrah_kicad-kle-placer.kle_placer_action 134: Searching for MX4 footprint
06:26:01 com_github_zykrah_kicad-kle-placer.kle_placer_action 134: Searching for S4 footprint
06:26:01 com_github_zykrah_kicad-kle-placer.kle_placer_action 142: Setting MX4 footprint position: (112070000, 35000000)
06:26:01 com_github_zykrah_kicad-kle-placer.kle_placer_action 142: Setting D4 footprint position: (119595000, 36000000)
06:26:01 com_github_zykrah_kicad-kle-placer.kle_placer_action 150: Rotating D4 footprint: rotationReference: (112070000, 35000000), rotationAngle: 0
06:26:01 com_github_zykrah_kicad-kle-placer.kle_placer_action 134: Searching for D5 footprint
06:26:01 com_github_zykrah_kicad-kle-placer.kle_placer_action 134: Searching for MX5 footprint
06:26:01 com_github_zykrah_kicad-kle-placer.kle_placer_action 134: Searching for S5 footprint
06:26:01 com_github_zykrah_kicad-kle-placer.kle_placer_action 142: Setting MX5 footprint position: (54920000, 58812500)
06:26:01 com_github_zykrah_kicad-kle-placer.kle_placer_action 142: Setting D5 footprint position: (62445000, 59812500)
06:26:01 com_github_zykrah_kicad-kle-placer.kle_placer_action 150: Rotating D5 footprint: rotationReference: (54920000, 58812500), rotationAngle: 0
06:26:01 com_github_zykrah_kicad-kle-placer.kle_placer_action 134: Searching for D6 footprint
06:26:01 com_github_zykrah_kicad-kle-placer.kle_placer_action 134: Searching for MX6 footprint
06:26:01 com_github_zykrah_kicad-kle-placer.kle_placer_action 134: Searching for S6 footprint
06:26:01 com_github_zykrah_kicad-kle-placer.kle_placer_action 142: Setting MX6 footprint position: (73970000, 58812500)
06:26:01 com_github_zykrah_kicad-kle-placer.kle_placer_action 142: Setting D6 footprint position: (81495000, 59812500)
06:26:01 com_github_zykrah_kicad-kle-placer.kle_placer_action 150: Rotating D6 footprint: rotationReference: (73970000, 58812500), rotationAngle: 0
06:26:01 com_github_zykrah_kicad-kle-placer.kle_placer_action 134: Searching for D7 footprint
06:26:01 com_github_zykrah_kicad-kle-placer.kle_placer_action 134: Searching for MX7 footprint
06:26:01 com_github_zykrah_kicad-kle-placer.kle_placer_action 134: Searching for S7 footprint
06:26:01 com_github_zykrah_kicad-kle-placer.kle_placer_action 142: Setting MX7 footprint position: (93020000, 58812500)
06:26:01 com_github_zykrah_kicad-kle-placer.kle_placer_action 142: Setting D7 footprint position: (100545000, 59812500)
06:26:01 com_github_zykrah_kicad-kle-placer.kle_placer_action 150: Rotating D7 footprint: rotationReference: (93020000, 58812500), rotationAngle: 0
06:26:01 com_github_zykrah_kicad-kle-placer.kle_placer_action 134: Searching for D8 footprint
06:26:01 com_github_zykrah_kicad-kle-placer.kle_placer_action 134: Searching for MX8 footprint
06:26:01 com_github_zykrah_kicad-kle-placer.kle_placer_action 134: Searching for S8 footprint
06:26:01 com_github_zykrah_kicad-kle-placer.kle_placer_action 142: Setting MX8 footprint position: (112070000, 58812500)
06:26:01 com_github_zykrah_kicad-kle-placer.kle_placer_action 142: Setting D8 footprint position: (119595000, 59812500)
06:26:01 com_github_zykrah_kicad-kle-placer.kle_placer_action 150: Rotating D8 footprint: rotationReference: (112070000, 58812500), rotationAngle: 0
06:26:01 com_github_zykrah_kicad-kle-placer.kle_placer_action 134: Searching for D9 footprint
06:26:01 com_github_zykrah_kicad-kle-placer.kle_placer_action 134: Searching for MX9 footprint
06:26:01 com_github_zykrah_kicad-kle-placer.kle_placer_action 134: Searching for S9 footprint
06:26:01 com_github_zykrah_kicad-kle-placer.kle_placer_action 142: Setting MX9 footprint position: (135882500, 58812500)
06:26:01 com_github_zykrah_kicad-kle-placer.kle_placer_action 142: Setting D9 footprint position: (143407500, 59812500)
06:26:01 com_github_zykrah_kicad-kle-placer.kle_placer_action 150: Rotating D9 footprint: rotationReference: (135882500, 58812500), rotationAngle: 0
06:26:01 com_github_zykrah_kicad-kle-placer.kle_placer_action 134: Searching for D10 footprint
06:26:01 com_github_zykrah_kicad-kle-placer.kle_placer_action 134: Searching for MX10 footprint
06:26:01 com_github_zykrah_kicad-kle-placer.kle_placer_action 134: Searching for S10 footprint
06:26:01 com_github_zykrah_kicad-kle-placer.kle_placer_action 142: Setting MX10 footprint position: (54920000, 77862500)
06:26:01 com_github_zykrah_kicad-kle-placer.kle_placer_action 142: Setting D10 footprint position: (62445000, 78862500)
06:26:01 com_github_zykrah_kicad-kle-placer.kle_placer_action 150: Rotating D10 footprint: rotationReference: (54920000, 77862500), rotationAngle: 0
06:26:01 com_github_zykrah_kicad-kle-placer.kle_placer_action 134: Searching for D11 footprint
06:26:01 com_github_zykrah_kicad-kle-placer.kle_placer_action 134: Searching for MX11 footprint
06:26:01 com_github_zykrah_kicad-kle-placer.kle_placer_action 134: Searching for S11 footprint
06:26:01 com_github_zykrah_kicad-kle-placer.kle_placer_action 142: Setting MX11 footprint position: (73970000, 77862500)
06:26:01 com_github_zykrah_kicad-kle-placer.kle_placer_action 142: Setting D11 footprint position: (81495000, 78862500)
06:26:01 com_github_zykrah_kicad-kle-placer.kle_placer_action 150: Rotating D11 footprint: rotationReference: (73970000, 77862500), rotationAngle: 0
06:26:01 com_github_zykrah_kicad-kle-placer.kle_placer_action 134: Searching for D12 footprint
06:26:01 com_github_zykrah_kicad-kle-placer.kle_placer_action 134: Searching for MX12 footprint
06:26:01 com_github_zykrah_kicad-kle-placer.kle_placer_action 134: Searching for S12 footprint
06:26:01 com_github_zykrah_kicad-kle-placer.kle_placer_action 142: Setting MX12 footprint position: (93020000, 77862500)
06:26:01 com_github_zykrah_kicad-kle-placer.kle_placer_action 142: Setting D12 footprint position: (100545000, 78862500)
06:26:01 com_github_zykrah_kicad-kle-placer.kle_placer_action 150: Rotating D12 footprint: rotationReference: (93020000, 77862500), rotationAngle: 0
06:26:01 com_github_zykrah_kicad-kle-placer.kle_placer_action 134: Searching for D13 footprint
06:26:01 com_github_zykrah_kicad-kle-placer.kle_placer_action 134: Searching for MX13 footprint
06:26:01 com_github_zykrah_kicad-kle-placer.kle_placer_action 134: Searching for S13 footprint
06:26:01 com_github_zykrah_kicad-kle-placer.kle_placer_action 142: Setting MX13 footprint position: (112070000, 77862500)
06:26:01 com_github_zykrah_kicad-kle-placer.kle_placer_action 142: Setting D13 footprint position: (119595000, 78862500)
06:26:01 com_github_zykrah_kicad-kle-placer.kle_placer_action 150: Rotating D13 footprint: rotationReference: (112070000, 77862500), rotationAngle: 0
06:26:01 com_github_zykrah_kicad-kle-placer.kle_placer_action 134: Searching for D14 footprint
06:26:01 com_github_zykrah_kicad-kle-placer.kle_placer_action 134: Searching for MX14 footprint
06:26:01 com_github_zykrah_kicad-kle-placer.kle_placer_action 134: Searching for S14 footprint
06:26:01 com_github_zykrah_kicad-kle-placer.kle_placer_action 142: Setting MX14 footprint position: (135882500, 77862500)
06:26:01 com_github_zykrah_kicad-kle-placer.kle_placer_action 142: Setting D14 footprint position: (143407500, 78862500)
06:26:01 com_github_zykrah_kicad-kle-placer.kle_placer_action 150: Rotating D14 footprint: rotationReference: (135882500, 77862500), rotationAngle: 0
06:26:01 com_github_zykrah_kicad-kle-placer.kle_placer_action 134: Searching for D15 footprint
06:26:01 com_github_zykrah_kicad-kle-placer.kle_placer_action 134: Searching for MX15 footprint
06:26:01 com_github_zykrah_kicad-kle-placer.kle_placer_action 134: Searching for S15 footprint
06:26:01 com_github_zykrah_kicad-kle-placer.kle_placer_action 142: Setting MX15 footprint position: (54920000, 96912500)
06:26:01 com_github_zykrah_kicad-kle-placer.kle_placer_action 142: Setting D15 footprint position: (62445000, 97912500)
06:26:01 com_github_zykrah_kicad-kle-placer.kle_placer_action 150: Rotating D15 footprint: rotationReference: (54920000, 96912500), rotationAngle: 0
06:26:01 com_github_zykrah_kicad-kle-placer.kle_placer_action 134: Searching for D16 footprint
06:26:01 com_github_zykrah_kicad-kle-placer.kle_placer_action 134: Searching for MX16 footprint
06:26:01 com_github_zykrah_kicad-kle-placer.kle_placer_action 134: Searching for S16 footprint
06:26:01 com_github_zykrah_kicad-kle-placer.kle_placer_action 142: Setting MX16 footprint position: (73970000, 96912500)
06:26:01 com_github_zykrah_kicad-kle-placer.kle_placer_action 142: Setting D16 footprint position: (81495000, 97912500)
06:26:01 com_github_zykrah_kicad-kle-placer.kle_placer_action 150: Rotating D16 footprint: rotationReference: (73970000, 96912500), rotationAngle: 0
06:26:01 com_github_zykrah_kicad-kle-placer.kle_placer_action 134: Searching for D17 footprint
06:26:01 com_github_zykrah_kicad-kle-placer.kle_placer_action 134: Searching for MX17 footprint
06:26:01 com_github_zykrah_kicad-kle-placer.kle_placer_action 134: Searching for S17 footprint
06:26:01 com_github_zykrah_kicad-kle-placer.kle_placer_action 142: Setting MX17 footprint position: (93020000, 96912500)
06:26:01 com_github_zykrah_kicad-kle-placer.kle_placer_action 142: Setting D17 footprint position: (100545000, 97912500)
06:26:01 com_github_zykrah_kicad-kle-placer.kle_placer_action 150: Rotating D17 footprint: rotationReference: (93020000, 96912500), rotationAngle: 0
06:26:01 com_github_zykrah_kicad-kle-placer.kle_placer_action 134: Searching for D18 footprint
06:26:01 com_github_zykrah_kicad-kle-placer.kle_placer_action 134: Searching for MX18 footprint
06:26:01 com_github_zykrah_kicad-kle-placer.kle_placer_action 134: Searching for S18 footprint
06:26:01 com_github_zykrah_kicad-kle-placer.kle_placer_action 142: Setting MX18 footprint position: (112070000, 96912500)
06:26:01 com_github_zykrah_kicad-kle-placer.kle_placer_action 142: Setting D18 footprint position: (119595000, 97912500)
06:26:01 com_github_zykrah_kicad-kle-placer.kle_placer_action 150: Rotating D18 footprint: rotationReference: (112070000, 96912500), rotationAngle: 0
06:26:01 com_github_zykrah_kicad-kle-placer.kle_placer_action 134: Searching for D19 footprint
06:26:01 com_github_zykrah_kicad-kle-placer.kle_placer_action 134: Searching for MX19 footprint
06:26:01 com_github_zykrah_kicad-kle-placer.kle_placer_action 134: Searching for S19 footprint
06:26:01 com_github_zykrah_kicad-kle-placer.kle_placer_action 142: Setting MX19 footprint position: (135882500, 96912500)
06:26:01 com_github_zykrah_kicad-kle-placer.kle_placer_action 142: Setting D19 footprint position: (143407500, 97912500)
06:26:01 com_github_zykrah_kicad-kle-placer.kle_placer_action 150: Rotating D19 footprint: rotationReference: (135882500, 96912500), rotationAngle: 0
06:26:01 com_github_zykrah_kicad-kle-placer.kle_placer_action 134: Searching for D20 footprint
06:26:01 com_github_zykrah_kicad-kle-placer.kle_placer_action 134: Searching for MX20 footprint
06:26:01 com_github_zykrah_kicad-kle-placer.kle_placer_action 134: Searching for S20 footprint
06:26:01 com_github_zykrah_kicad-kle-placer.kle_placer_action 142: Setting MX20 footprint position: (54920000, 115962500)
06:26:01 com_github_zykrah_kicad-kle-placer.kle_placer_action 142: Setting D20 footprint position: (62445000, 116962500)
06:26:01 com_github_zykrah_kicad-kle-placer.kle_placer_action 150: Rotating D20 footprint: rotationReference: (54920000, 115962500), rotationAngle: 0
06:26:01 com_github_zykrah_kicad-kle-placer.kle_placer_action 134: Searching for D21 footprint
06:26:01 com_github_zykrah_kicad-kle-placer.kle_placer_action 134: Searching for MX21 footprint
06:26:01 com_github_zykrah_kicad-kle-placer.kle_placer_action 134: Searching for S21 footprint
06:26:01 com_github_zykrah_kicad-kle-placer.kle_placer_action 142: Setting MX21 footprint position: (73970000, 115962500)
06:26:01 com_github_zykrah_kicad-kle-placer.kle_placer_action 142: Setting D21 footprint position: (81495000, 116962500)
06:26:01 com_github_zykrah_kicad-kle-placer.kle_placer_action 150: Rotating D21 footprint: rotationReference: (73970000, 115962500), rotationAngle: 0
06:26:01 com_github_zykrah_kicad-kle-placer.kle_placer_action 134: Searching for D22 footprint
06:26:01 com_github_zykrah_kicad-kle-placer.kle_placer_action 134: Searching for MX22 footprint
06:26:01 com_github_zykrah_kicad-kle-placer.kle_placer_action 134: Searching for S22 footprint
06:26:01 com_github_zykrah_kicad-kle-placer.kle_placer_action 142: Setting MX22 footprint position: (93020000, 115962500)
06:26:01 com_github_zykrah_kicad-kle-placer.kle_placer_action 142: Setting D22 footprint position: (100545000, 116962500)
06:26:01 com_github_zykrah_kicad-kle-placer.kle_placer_action 150: Rotating D22 footprint: rotationReference: (93020000, 115962500), rotationAngle: 0
06:26:01 com_github_zykrah_kicad-kle-placer.kle_placer_action 134: Searching for D23 footprint
06:26:01 com_github_zykrah_kicad-kle-placer.kle_placer_action 134: Searching for MX23 footprint
06:26:01 com_github_zykrah_kicad-kle-placer.kle_placer_action 134: Searching for S23 footprint
06:26:01 com_github_zykrah_kicad-kle-placer.kle_placer_action 142: Setting MX23 footprint position: (112070000, 115962500)
06:26:01 com_github_zykrah_kicad-kle-placer.kle_placer_action 142: Setting D23 footprint position: (119595000, 116962500)
06:26:01 com_github_zykrah_kicad-kle-placer.kle_placer_action 150: Rotating D23 footprint: rotationReference: (112070000, 115962500), rotationAngle: 0
06:26:01 com_github_zykrah_kicad-kle-placer.kle_placer_action 134: Searching for D24 footprint
06:26:01 com_github_zykrah_kicad-kle-placer.kle_placer_action 134: Searching for MX24 footprint
06:26:01 com_github_zykrah_kicad-kle-placer.kle_placer_action 134: Searching for S24 footprint
06:26:01 com_github_zykrah_kicad-kle-placer.kle_placer_action 142: Setting MX24 footprint position: (135882500, 115962500)
06:26:01 com_github_zykrah_kicad-kle-placer.kle_placer_action 142: Setting D24 footprint position: (143407500, 116962500)
06:26:01 com_github_zykrah_kicad-kle-placer.kle_placer_action 150: Rotating D24 footprint: rotationReference: (135882500, 115962500), rotationAngle: 0
